<?xml version="1.0" encoding="UTF-8"?>
<testng-results ignored="0" total="1" passed="1" failed="0" skipped="0">
  <reporter-output>
  </reporter-output>
  <suite started-at="2023-06-14T11:53:22Z" name="Default suite" finished-at="2023-06-14T11:54:04Z" duration-ms="42090">
    <groups>
    </groups>
    <test started-at="2023-06-14T11:53:22Z" name="Default test" finished-at="2023-06-14T11:54:04Z" duration-ms="42090">
      <class name="org.AppiumAutomation.eCommerce4">
        <test-method is-config="true" signature="StartAppiumService()[pri:0, instance:org.AppiumAutomation.eCommerce4@26ceffa8]" started-at="2023-06-14T11:53:22Z" name="StartAppiumService" finished-at="2023-06-14T11:53:36Z" duration-ms="14090" status="PASS">
          <reporter-output>
          </reporter-output>
        </test-method> <!-- StartAppiumService -->
        <test-method signature="FillForm()[pri:0, instance:org.AppiumAutomation.eCommerce4@26ceffa8]" started-at="2023-06-14T11:53:36Z" name="FillForm" finished-at="2023-06-14T11:54:03Z" duration-ms="27604" status="PASS">
          <reporter-output>
          </reporter-output>
        </test-method> <!-- FillForm -->
        <test-method is-config="true" signature="StopAppiumService()[pri:0, instance:org.AppiumAutomation.eCommerce4@26ceffa8]" started-at="2023-06-14T11:54:03Z" name="StopAppiumService" finished-at="2023-06-14T11:54:04Z" duration-ms="384" status="PASS">
          <reporter-output>
          </reporter-output>
        </test-method> <!-- StopAppiumService -->
      </class> <!-- org.AppiumAutomation.eCommerce4 -->
    </test> <!-- Default test -->
  </suite> <!-- Default suite -->
</testng-results>
