<?xml version="1.0" encoding="UTF-8"?>
<testng-results ignored="0" total="1" passed="1" failed="0" skipped="0">
  <reporter-output>
  </reporter-output>
  <suite started-at="2023-06-14T10:35:49Z" name="Default suite" finished-at="2023-06-14T10:36:36Z" duration-ms="47094">
    <groups>
    </groups>
    <test started-at="2023-06-14T10:35:49Z" name="Default test" finished-at="2023-06-14T10:36:36Z" duration-ms="47094">
      <class name="AppiumAutomation.MobileApplication.eCommerce4">
        <test-method is-config="true" signature="StartAppiumService()[pri:0, instance:AppiumAutomation.MobileApplication.eCommerce4@5c2375a9]" started-at="2023-06-14T10:35:49Z" name="StartAppiumService" finished-at="2023-06-14T10:36:03Z" duration-ms="14022" status="PASS">
          <reporter-output>
          </reporter-output>
        </test-method> <!-- StartAppiumService -->
        <test-method signature="FillForm()[pri:0, instance:AppiumAutomation.MobileApplication.eCommerce4@5c2375a9]" started-at="2023-06-14T10:36:03Z" name="FillForm" finished-at="2023-06-14T10:36:35Z" duration-ms="32559" status="PASS">
          <reporter-output>
          </reporter-output>
        </test-method> <!-- FillForm -->
        <test-method is-config="true" signature="StopAppiumService()[pri:0, instance:AppiumAutomation.MobileApplication.eCommerce4@5c2375a9]" started-at="2023-06-14T10:36:35Z" name="StopAppiumService" finished-at="2023-06-14T10:36:36Z" duration-ms="483" status="PASS">
          <reporter-output>
          </reporter-output>
        </test-method> <!-- StopAppiumService -->
      </class> <!-- AppiumAutomation.MobileApplication.eCommerce4 -->
    </test> <!-- Default test -->
  </suite> <!-- Default suite -->
</testng-results>
